aloofManager/build/intermediates/manifest_merge_blame_file/regularDebug/manifest-merger-blame-regular-debug-report.txt
1<?xml version="1.0" encoding="utf-8"?>
2<manifest xmlns:android="http://schemas.android.com/apk/res/android"
3    package="com.macinternetservices.aloofManager"
4    android:versionCode="1"
5    android:versionName="0.0" >
6
7    <uses-sdk
8        android:minSdkVersion="16"
8-->src/main/AndroidManifest.xml
9        android:targetSdkVersion="29" />
9-->src/main/AndroidManifest.xml
10
11    <uses-permission android:name="android.permission.INTERNET" />
11-->src/main/AndroidManifest.xml:7:5-67
11-->src/main/AndroidManifest.xml:7:22-64
12    <uses-permission android:name="android.permission.ACCESS_NETWORK_STATE" />
12-->src/main/AndroidManifest.xml:8:5-79
12-->src/main/AndroidManifest.xml:8:22-76
13    <uses-permission android:name="android.permission.WRITE_EXTERNAL_STORAGE" />
13-->src/main/AndroidManifest.xml:9:5-81
13-->src/main/AndroidManifest.xml:9:22-78
14    <uses-permission android:name="com.google.android.providers.gsf.permission.READ_GSERVICES" />
14-->src/main/AndroidManifest.xml:10:5-98
14-->src/main/AndroidManifest.xml:10:22-95
15    <uses-permission android:name="android.permission.ACCESS_COARSE_LOCATION" />
15-->src/main/AndroidManifest.xml:11:5-81
15-->src/main/AndroidManifest.xml:11:22-78
16    <uses-permission android:name="android.permission.ACCESS_FINE_LOCATION" />
16-->src/main/AndroidManifest.xml:12:5-79
16-->src/main/AndroidManifest.xml:12:22-76
17    <uses-permission android:name="android.permission.WAKE_LOCK" />
17-->src/main/AndroidManifest.xml:13:5-68
17-->src/main/AndroidManifest.xml:13:22-65
18    <uses-permission android:name="android.permission.FOREGROUND_SERVICE" />
18-->src/main/AndroidManifest.xml:14:5-77
18-->src/main/AndroidManifest.xml:14:22-74
19    <uses-permission android:name="com.google.android.gms.permission.ACTIVITY_RECOGNITION" />
19-->src/main/AndroidManifest.xml:15:5-94
19-->src/main/AndroidManifest.xml:15:22-91
20    <uses-permission android:name="android.permission.ACTIVITY_RECOGNITION" />
20-->src/main/AndroidManifest.xml:16:5-79
20-->src/main/AndroidManifest.xml:16:22-76
21    <uses-permission android:name="android.permission.ACCESS_BACKGROUND_LOCATION" />
21-->src/main/AndroidManifest.xml:17:5-85
21-->src/main/AndroidManifest.xml:17:22-82
22    <uses-permission android:name="android.permission.READ_PHONE_STATE" />
22-->src/main/AndroidManifest.xml:18:5-75
22-->src/main/AndroidManifest.xml:18:22-72
23    <uses-permission android:name="android.permission.RECEIVE_BOOT_COMPLETED" />
23-->[:aloofClient] AndroidManifest.xml:17:5-81
23-->[:aloofClient] AndroidManifest.xml:17:22-78
24    <uses-permission android:name="com.android.launcher.permission.INSTALL_SHORTCUT" />
24-->[:aloofClient] AndroidManifest.xml:20:5-88
24-->[:aloofClient] AndroidManifest.xml:20:22-85
25
26    <uses-feature android:name="android.hardware.location.network" />
26-->[:aloofClient] AndroidManifest.xml:23:5-70
26-->[:aloofClient] AndroidManifest.xml:23:19-67
27    <uses-feature android:name="android.hardware.location.gps" />
27-->[:aloofClient] AndroidManifest.xml:24:5-66
27-->[:aloofClient] AndroidManifest.xml:24:19-63
28
29    <uses-permission android:name="android.permission.ACCESS_WIFI_STATE" />
29-->[com.google.android.libraries.places:places:2.4.0] AndroidManifest.xml:10:5-76
29-->[com.google.android.libraries.places:places:2.4.0] AndroidManifest.xml:10:22-73
30
31    <uses-feature
31-->[com.google.android.gms:play-services-maps:17.0.0] AndroidManifest.xml:26:5-28:35
32        android:glEsVersion="0x00020000"
32-->[com.google.android.gms:play-services-maps:17.0.0] AndroidManifest.xml:27:9-41
33        android:required="true" />
33-->[com.google.android.gms:play-services-maps:17.0.0] AndroidManifest.xml:28:9-32
34
35    <application
35-->src/main/AndroidManifest.xml:20:5-102:19
36        android:name="com.macinternetservices.aloofManager.MainApplication"
36-->src/main/AndroidManifest.xml:22:9-40
37        android:allowBackup="true"
37-->src/main/AndroidManifest.xml:23:9-35
38        android:appComponentFactory="androidx.core.app.CoreComponentFactory"
38-->[androidx.core:core:1.3.0] AndroidManifest.xml:24:18-86
39        android:debuggable="true"
40        android:icon="@mipmap/ic_logo_foreground"
40-->src/main/AndroidManifest.xml:25:9-50
41        android:label="@string/app_name"
41-->src/main/AndroidManifest.xml:26:9-41
42        android:persistent="true"
42-->src/main/AndroidManifest.xml:28:9-34
43        android:testOnly="true"
44        android:theme="@style/AppTheme"
44-->src/main/AndroidManifest.xml:27:9-40
45        android:usesCleartextTraffic="true" >
45-->src/main/AndroidManifest.xml:24:9-44
46        <meta-data
46-->src/main/AndroidManifest.xml:31:9-33:71
47            android:name="com.google.android.geo.API_KEY"
47-->src/main/AndroidManifest.xml:32:13-58
48            android:value="AIzaSyAr-MP4NvIReNR8jnfI4l1ajOCQyJSn9Mg" />
48-->src/main/AndroidManifest.xml:33:13-68
49
50        <activity android:name="com.macinternetservices.aloofManager.LoginActivity" >
50-->src/main/AndroidManifest.xml:35:9-41:20
50-->src/main/AndroidManifest.xml:36:13-42
51            <intent-filter>
51-->src/main/AndroidManifest.xml:37:13-40:29
52                <action android:name="android.intent.action.MAIN" />
52-->src/main/AndroidManifest.xml:38:17-69
52-->src/main/AndroidManifest.xml:38:25-66
53
54                <category android:name="android.intent.category.LAUNCHER" />
54-->src/main/AndroidManifest.xml:39:17-77
54-->src/main/AndroidManifest.xml:39:27-74
55            </intent-filter>
56        </activity>
57        <activity android:name="com.macinternetservices.aloofManager.MainActivity" />
57-->src/main/AndroidManifest.xml:43:9-44:44
57-->src/main/AndroidManifest.xml:44:13-41
58        <activity
58-->src/main/AndroidManifest.xml:46:9-48:53
59            android:name="com.macinternetservices.aloofManager.DevicesActivity"
59-->src/main/AndroidManifest.xml:47:13-44
60            android:label="@string/devices_title" />
60-->src/main/AndroidManifest.xml:48:13-50
61        <activity
61-->src/main/AndroidManifest.xml:50:9-52:58
62            android:name="com.macinternetservices.aloofManager.SendCommandActivity"
62-->src/main/AndroidManifest.xml:51:13-48
63            android:label="@string/send_command_title" />
63-->src/main/AndroidManifest.xml:52:13-55
64        <activity
64-->src/main/AndroidManifest.xml:54:9-56:42
65            android:name="com.macinternetservices.aloofManager.AddDeviceActivity"
65-->src/main/AndroidManifest.xml:55:13-46
66            android:label="Add Device" />
66-->src/main/AndroidManifest.xml:56:13-39
67        <activity
67-->src/main/AndroidManifest.xml:58:9-60:42
68            android:name="com.macinternetservices.aloofManager.RouteActivity"
68-->src/main/AndroidManifest.xml:59:13-42
69            android:label="View Route" />
69-->src/main/AndroidManifest.xml:60:13-39
70        <activity
70-->src/main/AndroidManifest.xml:62:9-64:50
71            android:name="com.macinternetservices.aloofManager.AddGeoFenceActivity"
71-->src/main/AndroidManifest.xml:63:13-48
72            android:label="Add Location Alert" />
72-->src/main/AndroidManifest.xml:64:13-47
73        <activity
73-->src/main/AndroidManifest.xml:66:9-68:45
74            android:name="com.macinternetservices.aloofManager.DelDeviceActivity"
74-->src/main/AndroidManifest.xml:67:13-46
75            android:label="Delete Device" />
75-->src/main/AndroidManifest.xml:68:13-42
76        <activity
76-->src/main/AndroidManifest.xml:70:9-72:43
77            android:name="com.macinternetservices.aloofManager.EditDeviceActivity"
77-->src/main/AndroidManifest.xml:71:13-47
78            android:label="Edit Device" />
78-->src/main/AndroidManifest.xml:72:13-40
79        <activity
79-->src/main/AndroidManifest.xml:74:9-76:52
80            android:name="com.macinternetservices.aloofManager.GeofencesActivity"
80-->src/main/AndroidManifest.xml:75:13-46
81            android:label="Edit Location Alerts" />
81-->src/main/AndroidManifest.xml:76:13-49
82        <activity
82-->src/main/AndroidManifest.xml:78:9-80:40
83            android:name="com.macinternetservices.aloofManager.TrackActivity"
83-->src/main/AndroidManifest.xml:79:13-42
84            android:label="Tracking" />
84-->src/main/AndroidManifest.xml:80:13-37
85        <activity
85-->src/main/AndroidManifest.xml:82:9-84:51
86            android:name="com.macinternetservices.aloofManager.PermissionRationalActivity"
86-->src/main/AndroidManifest.xml:83:13-55
87            android:label="Activity Permission" />
87-->src/main/AndroidManifest.xml:84:13-48
88
89        <service
89-->src/main/AndroidManifest.xml:86:9-88:38
90            android:name="com.macinternetservices.aloofManager.LocationService"
90-->src/main/AndroidManifest.xml:86:18-49
91            android:enabled="true"
91-->src/main/AndroidManifest.xml:87:13-35
92            android:exported="true" />
92-->src/main/AndroidManifest.xml:88:13-36
93
94        <!--
95             service android:name=".TransitionService"
96            android:enabled="true"
97            android:exported="true"/
98        -->
99
100        <receiver
100-->src/main/AndroidManifest.xml:94:9-100:20
101            android:name="com.macinternetservices.aloofManager.ActivityTransitionBroadcastReceiver"
101-->src/main/AndroidManifest.xml:94:19-70
102            android:exported="false"
102-->src/main/AndroidManifest.xml:95:13-37
103            android:permission="com.google.android.gms.permission.ACTIVITY_RECOGNITION" >
103-->src/main/AndroidManifest.xml:96:13-88
104            <intent-filter>
104-->src/main/AndroidManifest.xml:97:13-99:29
105                <action android:name="org.traccar.manager.ACTION_PROCESS_ACTIVITY_TRANSITIONS" />
105-->src/main/AndroidManifest.xml:98:17-98
105-->src/main/AndroidManifest.xml:98:25-95
106            </intent-filter>
107        </receiver>
108
109        <!--
110            meta-data
111            android:name="google_analytics_adid_collection_enabled"
112            android:value="false" /
113        -->
114        <activity
114-->[:aloofClient] AndroidManifest.xml:37:9-39:47
115            android:name="com.macinternetservices.aloofClient.MainActivity"
115-->[:aloofClient] AndroidManifest.xml:38:13-76
116            android:launchMode="singleTask" />
116-->[:aloofClient] AndroidManifest.xml:39:13-44
117
118        <activity-alias
118-->[:aloofClient] AndroidManifest.xml:41:9-54:26
119            android:name="com.macinternetservices.aloofClient.Client"
119-->[:aloofClient] AndroidManifest.xml:42:13-70
120            android:targetActivity="com.macinternetservices.aloofClient.MainActivity" >
120-->[:aloofClient] AndroidManifest.xml:43:13-86
121
122            <!--
123            intent-filter>
124                <action android:name="android.intent.action.MAIN" />
125                <category android:name="android.intent.category.LAUNCHER" />
126            </intent-filter
127            -->
128            <meta-data
128-->[:aloofClient] AndroidManifest.xml:51:13-53:53
129                android:name="android.app.shortcuts"
129-->[:aloofClient] AndroidManifest.xml:52:17-53
130                android:resource="@xml/shortcuts" />
130-->[:aloofClient] AndroidManifest.xml:53:17-50
131        </activity-alias>
132
133        <activity android:name="com.macinternetservices.aloofClient.StatusActivity" />
133-->[:aloofClient] AndroidManifest.xml:56:9-87
133-->[:aloofClient] AndroidManifest.xml:56:19-84
134        <activity
134-->[:aloofClient] AndroidManifest.xml:57:9-64:20
135            android:name="com.macinternetservices.aloofClient.ShortcutActivity"
135-->[:aloofClient] AndroidManifest.xml:58:13-80
136            android:label="@string/menu_shortcuts" >
136-->[:aloofClient] AndroidManifest.xml:59:13-51
137            <intent-filter>
137-->[:aloofClient] AndroidManifest.xml:60:13-63:29
138                <action android:name="android.intent.action.MAIN" />
138-->src/main/AndroidManifest.xml:38:17-69
138-->src/main/AndroidManifest.xml:38:25-66
139                <action android:name="android.intent.action.CREATE_SHORTCUT" />
139-->[:aloofClient] AndroidManifest.xml:62:17-80
139-->[:aloofClient] AndroidManifest.xml:62:25-77
140            </intent-filter>
141        </activity>
142
143        <service
143-->[:aloofClient] AndroidManifest.xml:66:9-68:56
144            android:name="com.macinternetservices.aloofClient.TrackingService"
144-->[:aloofClient] AndroidManifest.xml:67:13-79
145            android:foregroundServiceType="location" />
145-->[:aloofClient] AndroidManifest.xml:68:13-53
146        <!--
147            service
148            android:name=".TrackingService$HideNotificationService" /
149        -->
150        <receiver android:name="com.macinternetservices.aloofClient.AutostartReceiver" >
150-->[:aloofClient] AndroidManifest.xml:75:9-82:20
150-->[:aloofClient] AndroidManifest.xml:75:19-87
151            <intent-filter>
151-->[:aloofClient] AndroidManifest.xml:76:13-78:29
152                <action android:name="android.intent.action.BOOT_COMPLETED" />
152-->[:aloofClient] AndroidManifest.xml:77:17-79
152-->[:aloofClient] AndroidManifest.xml:77:25-76
153            </intent-filter>
154            <intent-filter>
154-->[:aloofClient] AndroidManifest.xml:79:13-81:29
155                <action android:name="android.intent.action.MY_PACKAGE_REPLACED" />
155-->[:aloofClient] AndroidManifest.xml:80:17-84
155-->[:aloofClient] AndroidManifest.xml:80:25-81
156            </intent-filter>
157        </receiver>
158
159        <activity
159-->[com.google.android.libraries.places:places:2.4.0] AndroidManifest.xml:14:9-20:20
160            android:name="com.google.android.libraries.places.widget.AutocompleteActivity"
160-->[com.google.android.libraries.places:places:2.4.0] AndroidManifest.xml:15:13-91
161            android:exported="false"
161-->[com.google.android.libraries.places:places:2.4.0] AndroidManifest.xml:16:13-37
162            android:label="@string/places_autocomplete_label"
162-->[com.google.android.libraries.places:places:2.4.0] AndroidManifest.xml:17:13-62
163            android:theme="@style/PlacesAutocompleteOverlay"
163-->[com.google.android.libraries.places:places:2.4.0] AndroidManifest.xml:18:13-61
164            android:windowSoftInputMode="adjustResize" >
164-->[com.google.android.libraries.places:places:2.4.0] AndroidManifest.xml:19:13-55
165        </activity> <!-- Needs to be explicitly declared on P+ -->
166        <uses-library
166-->[com.google.android.gms:play-services-maps:17.0.0] AndroidManifest.xml:33:9-35:40
167            android:name="org.apache.http.legacy"
167-->[com.google.android.gms:play-services-maps:17.0.0] AndroidManifest.xml:34:13-50
168            android:required="false" />
168-->[com.google.android.gms:play-services-maps:17.0.0] AndroidManifest.xml:35:13-37
169
170        <provider
170-->[com.squareup.picasso:picasso:2.71828] AndroidManifest.xml:8:9-11:40
171            android:name="com.squareup.picasso.PicassoProvider"
171-->[com.squareup.picasso:picasso:2.71828] AndroidManifest.xml:9:13-64
172            android:authorities="com.macinternetservices.aloofManager.com.squareup.picasso"
172-->[com.squareup.picasso:picasso:2.71828] AndroidManifest.xml:10:13-72
173            android:exported="false" />
173-->[com.squareup.picasso:picasso:2.71828] AndroidManifest.xml:11:13-37
174
175        <service
175-->[androidx.room:room-runtime:2.2.5] AndroidManifest.xml:25:9-28:40
176            android:name="androidx.room.MultiInstanceInvalidationService"
176-->[androidx.room:room-runtime:2.2.5] AndroidManifest.xml:26:13-74
177            android:directBootAware="true"
177-->[androidx.room:room-runtime:2.2.5] AndroidManifest.xml:27:13-43
178            android:exported="false" />
178-->[androidx.room:room-runtime:2.2.5] AndroidManifest.xml:28:13-37
179
180        <activity
180-->[com.google.android.gms:play-services-base:17.2.1] AndroidManifest.xml:23:9-26:75
181            android:name="com.google.android.gms.common.api.GoogleApiActivity"
181-->[com.google.android.gms:play-services-base:17.2.1] AndroidManifest.xml:24:13-79
182            android:exported="false"
182-->[com.google.android.gms:play-services-base:17.2.1] AndroidManifest.xml:25:13-37
183            android:theme="@android:style/Theme.Translucent.NoTitleBar" />
183-->[com.google.android.gms:play-services-base:17.2.1] AndroidManifest.xml:26:13-72
184
185        <meta-data
185-->[com.google.android.gms:play-services-basement:17.2.1] AndroidManifest.xml:23:9-25:69
186            android:name="com.google.android.gms.version"
186-->[com.google.android.gms:play-services-basement:17.2.1] AndroidManifest.xml:24:13-58
187            android:value="@integer/google_play_services_version" />
187-->[com.google.android.gms:play-services-basement:17.2.1] AndroidManifest.xml:25:13-66
188
189        <service
189-->[com.google.android.datatransport:transport-backend-cct:2.3.0] AndroidManifest.xml:29:9-35:19
190            android:name="com.google.android.datatransport.runtime.backends.TransportBackendDiscovery"
190-->[com.google.android.datatransport:transport-backend-cct:2.3.0] AndroidManifest.xml:30:13-103
191            android:exported="false" >
191-->[com.google.android.datatransport:transport-backend-cct:2.3.0] AndroidManifest.xml:31:13-37
192            <meta-data
192-->[com.google.android.datatransport:transport-backend-cct:2.3.0] AndroidManifest.xml:32:13-34:39
193                android:name="backend:com.google.android.datatransport.cct.CctBackendFactory"
193-->[com.google.android.datatransport:transport-backend-cct:2.3.0] AndroidManifest.xml:33:17-94
194                android:value="cct" />
194-->[com.google.android.datatransport:transport-backend-cct:2.3.0] AndroidManifest.xml:34:17-36
195        </service>
196        <service
196-->[com.google.android.datatransport:transport-runtime:2.2.3] AndroidManifest.xml:26:9-30:19
197            android:name="com.google.android.datatransport.runtime.scheduling.jobscheduling.JobInfoSchedulerService"
197-->[com.google.android.datatransport:transport-runtime:2.2.3] AndroidManifest.xml:27:13-117
198            android:exported="false"
198-->[com.google.android.datatransport:transport-runtime:2.2.3] AndroidManifest.xml:28:13-37
199            android:permission="android.permission.BIND_JOB_SERVICE" >
199-->[com.google.android.datatransport:transport-runtime:2.2.3] AndroidManifest.xml:29:13-69
200        </service>
201
202        <receiver
202-->[com.google.android.datatransport:transport-runtime:2.2.3] AndroidManifest.xml:32:9-34:40
203            android:name="com.google.android.datatransport.runtime.scheduling.jobscheduling.AlarmManagerSchedulerBroadcastReceiver"
203-->[com.google.android.datatransport:transport-runtime:2.2.3] AndroidManifest.xml:33:13-132
204            android:exported="false" />
204-->[com.google.android.datatransport:transport-runtime:2.2.3] AndroidManifest.xml:34:13-37
205
206        <provider
206-->[androidx.lifecycle:lifecycle-process:2.1.0] AndroidManifest.xml:23:9-27:43
207            android:name="androidx.lifecycle.ProcessLifecycleOwnerInitializer"
207-->[androidx.lifecycle:lifecycle-process:2.1.0] AndroidManifest.xml:24:13-79
208            android:authorities="com.macinternetservices.aloofManager.lifecycle-process"
208-->[androidx.lifecycle:lifecycle-process:2.1.0] AndroidManifest.xml:25:13-69
209            android:exported="false"
209-->[androidx.lifecycle:lifecycle-process:2.1.0] AndroidManifest.xml:26:13-37
210            android:multiprocess="true" />
210-->[androidx.lifecycle:lifecycle-process:2.1.0] AndroidManifest.xml:27:13-40
211    </application>
212
213</manifest>